<?xml version="1.0" encoding="UTF-8"?>
<!-- Generated by org.testng.reporters.JUnitReportReporter -->
<testsuite hostname="DESKTOP-4A84LOO" failures="0" tests="1" name="problemSolvin.PrintOneToHundredWithOutIntegerNumbr" time="0.017" errors="0" timestamp="2022-06-08T19:33:25 EDT" skipped="0">
  <testcase classname="problemSolvin.PrintOneToHundredWithOutIntegerNumbr" name="howtoPrintWithOutIntNum" time="0.017"/>
  <system-out/>
</testsuite> <!-- problemSolvin.PrintOneToHundredWithOutIntegerNumbr -->
