<?xml version="1.0" encoding="UTF-8"?>
<!-- Generated by org.testng.reporters.JUnitReportReporter -->
<testsuite hostname="DESKTOP-4A84LOO" failures="0" tests="1" name="problemSolvin.HowToCountDuplicateCharecterOcarence" time="0.010" errors="0" timestamp="2022-06-08T19:31:49 EDT" skipped="0">
  <testcase classname="problemSolvin.HowToCountDuplicateCharecterOcarence" name="getCharCount" time="0.010"/>
  <system-out/>
</testsuite> <!-- problemSolvin.HowToCountDuplicateCharecterOcarence -->
